<?xml version="1.0" encoding="UTF-8"?>
<!-- Generated by org.testng.reporters.JUnitXMLReporter -->
<testsuite ignored="0" hostname="LAPTOP-QMGPGMLP" failures="0" tests="3" name="Default test" time="0.069" errors="0" timestamp="2021-09-23T14:24:40 IST">
  <testcase classname="com.castseleniumframework.ContactTest1" name="createContactTest" time="0.012"/>
  <testcase classname="com.castseleniumframework.ContactTest1" name="createContactWithOrgTest" time="0.002"/>
  <testcase classname="com.castseleniumframework.ContactTest1" name="deleteContactTest" time="0.002"/>
</testsuite> <!-- Default test -->
